2024-03-17 17:47:54,916 [INFO] Activator:176 - 


2024-03-17 17:47:54,921 [INFO] Activator:177 - !SESSION log4j initialized
2024-03-17 17:47:59,102 [INFO] LogOutputStream:77 - [STDOUT_REDIRECT] 
2024-03-17 17:48:01,588 [INFO] ApplicationProperties:184 - Using Application install path: D:\ST\STM32CubeIDE_1.13.1\STM32CubeIDE\plugins\com.st.stm32cube.common.mx_6.9.1.202307191849
2024-03-17 17:48:01,616 [INFO] DbMcusXml:78 - Set database path to: D:\ST\STM32CubeIDE_1.13.1\STM32CubeIDE\plugins\com.st.stm32cube.common.mx_6.9.1.202307191849\\db\/mcu/
2024-03-17 17:48:01,617 [INFO] ApiDb:274 - Set plugin database path to: D:\ST\STM32CubeIDE_1.13.1\STM32CubeIDE\plugins\com.st.stm32cube.common.mx_6.9.1.202307191849\\db\/plugins/boardmanager/
2024-03-17 17:48:01,617 [WARN] ApiDb:259 - Overriding images path with different value:  => D:\ST\STM32CubeIDE_1.13.1\STM32CubeIDE\plugins\com.st.stm32cube.common.mx_6.9.1.202307191849\\db\/plugins/mcufinder/images/
2024-03-17 17:48:01,639 [INFO] ApiDb:250 - Set database path to: C:\Users\nneto\.stmcufinder\plugins\mcufinder//mcu/
2024-03-17 17:48:01,641 [INFO] DbMcusAds:125 - Set database path to: C:\Users\nneto\.stmcufinder\plugins\mcufinder//mcu/
2024-03-17 17:48:01,645 [INFO] CrossReferenceDbSqlite:203 - Set database path to: C:\Users\nneto\.stmcufinder\plugins\mcufinder//mcu/cs/
2024-03-17 17:48:01,841 [INFO] RulesReader:64 - Compatibility file has been processed (293 Rules)
2024-03-17 17:48:02,001 [INFO] DbMcusXml:78 - Set database path to: D:\ST\STM32CubeIDE_1.13.1\STM32CubeIDE\plugins\com.st.stm32cube.common.mx_6.9.1.202307191849\\db\/mcu/
2024-03-17 17:48:02,001 [INFO] ApiDb:274 - Set plugin database path to: D:\ST\STM32CubeIDE_1.13.1\STM32CubeIDE\plugins\com.st.stm32cube.common.mx_6.9.1.202307191849\\db\/plugins/boardmanager/
2024-03-17 17:48:02,002 [INFO] ApiDb:261 - Set plugin images path to: D:\ST\STM32CubeIDE_1.13.1\STM32CubeIDE\plugins\com.st.stm32cube.common.mx_6.9.1.202307191849\\db\/plugins/mcufinder/images/
2024-03-17 17:48:02,002 [WARN] DbFile:41 - Overriding database path with different value: C:\Users\nneto\.stmcufinder\plugins\mcufinder/ => C:\Users\nneto\.stmcufinder\plugins\mcufinder
2024-03-17 17:48:02,002 [INFO] ApiDb:250 - Set database path to: C:\Users\nneto\.stmcufinder\plugins\mcufinder//mcu/
2024-03-17 17:48:02,002 [WARN] DbFile:41 - Overriding database path with different value: C:\Users\nneto\.stmcufinder\plugins\mcufinder/ => C:\Users\nneto\.stmcufinder\plugins\mcufinder
2024-03-17 17:48:02,002 [INFO] DbMcusAds:125 - Set database path to: C:\Users\nneto\.stmcufinder\plugins\mcufinder//mcu/
2024-03-17 17:48:02,002 [WARN] DbFile:41 - Overriding database path with different value: C:\Users\nneto\.stmcufinder\plugins\mcufinder/ => C:\Users\nneto\.stmcufinder\plugins\mcufinder
2024-03-17 17:48:02,002 [WARN] DbFile:41 - Overriding database path with different value: C:\Users\nneto\.stmcufinder\plugins\mcufinder/ => C:\Users\nneto\.stmcufinder\plugins\mcufinder
2024-03-17 17:48:02,003 [INFO] CrossReferenceDbSqlite:203 - Set database path to: C:\Users\nneto\.stmcufinder\plugins\mcufinder//mcu/cs/
2024-03-17 17:48:02,114 [INFO] MainPanel:262 - HeapMemory: 268435456
2024-03-17 17:48:02,233 [INFO] DbMcusXml:78 - Set database path to: D:\ST\STM32CubeIDE_1.13.1\STM32CubeIDE\plugins\com.st.stm32cube.common.mx_6.9.1.202307191849\\db\/mcu/
2024-03-17 17:48:02,233 [INFO] ApiDb:274 - Set plugin database path to: D:\ST\STM32CubeIDE_1.13.1\STM32CubeIDE\plugins\com.st.stm32cube.common.mx_6.9.1.202307191849\\db\/plugins/boardmanager/
2024-03-17 17:48:02,233 [INFO] ApiDb:261 - Set plugin images path to: D:\ST\STM32CubeIDE_1.13.1\STM32CubeIDE\plugins\com.st.stm32cube.common.mx_6.9.1.202307191849\\db\/plugins/mcufinder/images/
2024-03-17 17:48:02,234 [WARN] DbFile:41 - Overriding database path with different value: C:\Users\nneto\.stmcufinder\plugins\mcufinder/ => C:\Users\nneto\.stmcufinder\plugins\mcufinder
2024-03-17 17:48:02,234 [INFO] ApiDb:250 - Set database path to: C:\Users\nneto\.stmcufinder\plugins\mcufinder//mcu/
2024-03-17 17:48:02,234 [WARN] DbFile:41 - Overriding database path with different value: C:\Users\nneto\.stmcufinder\plugins\mcufinder/ => C:\Users\nneto\.stmcufinder\plugins\mcufinder
2024-03-17 17:48:02,234 [INFO] DbMcusAds:125 - Set database path to: C:\Users\nneto\.stmcufinder\plugins\mcufinder//mcu/
2024-03-17 17:48:02,234 [WARN] DbFile:41 - Overriding database path with different value: C:\Users\nneto\.stmcufinder\plugins\mcufinder/ => C:\Users\nneto\.stmcufinder\plugins\mcufinder
2024-03-17 17:48:02,234 [WARN] DbFile:41 - Overriding database path with different value: C:\Users\nneto\.stmcufinder\plugins\mcufinder/ => C:\Users\nneto\.stmcufinder\plugins\mcufinder
2024-03-17 17:48:02,235 [INFO] CrossReferenceDbSqlite:203 - Set database path to: C:\Users\nneto\.stmcufinder\plugins\mcufinder//mcu/cs/
2024-03-17 17:48:02,258 [INFO] ApplicationProperties:184 - Using Application install path: D:\ST\STM32CubeIDE_1.13.1\STM32CubeIDE\plugins\com.st.stm32cube.common.mx_6.9.1.202307191849
2024-03-17 17:48:02,260 [INFO] PluginManage:196 - Search for loadable plugins [exclusion list=, ]
2024-03-17 17:48:02,261 [INFO] PluginManage:310 - Check plugin analytics
2024-03-17 17:48:02,432 [INFO] AnalyticsPlugin:253 - Accepted Software Licenses: STM32CubeMX.6.9.2
2024-03-17 17:48:02,433 [INFO] AnalyticsPlugin:255 - Accepted CMSIS Pack Licenses: 
2024-03-17 17:48:02,433 [INFO] AnalyticsPlugin:257 - Accepted Firmware Licenses: FW.L5.1.5.0
2024-03-17 17:48:02,435 [INFO] PluginManage:359 - Loaded plugin analytics (category:tool,tabindex:-1)
2024-03-17 17:48:02,436 [INFO] PluginManage:310 - Check plugin cadmodel
2024-03-17 17:48:02,453 [INFO] CADModel:105 - Init CAD model plugin
2024-03-17 17:48:02,454 [INFO] PluginManage:359 - Loaded plugin cadmodel (category:power,tabindex:5)
2024-03-17 17:48:02,454 [INFO] PluginManage:310 - Check plugin clock
2024-03-17 17:48:02,478 [INFO] PluginManage:359 - Loaded plugin clock (category:base,tabindex:2)
2024-03-17 17:48:02,478 [INFO] PluginManage:310 - Check plugin ddr
2024-03-17 17:48:02,481 [INFO] PluginManage:359 - Loaded plugin ddr (category:tool,tabindex:6)
2024-03-17 17:48:02,481 [INFO] PluginManage:310 - Check plugin filemanager
2024-03-17 17:48:02,674 [INFO] PluginManage:359 - Loaded plugin filemanager (category:base,tabindex:10)
2024-03-17 17:48:02,674 [INFO] PluginManage:310 - Check plugin ipmanager
2024-03-17 17:48:02,683 [INFO] PluginManage:359 - Loaded plugin ipmanager (category:base,tabindex:5)
2024-03-17 17:48:02,684 [INFO] PluginManage:310 - Check plugin lpbam
2024-03-17 17:48:02,702 [INFO] PluginManage:359 - Loaded plugin lpbam (category:base,tabindex:0)
2024-03-17 17:48:02,703 [INFO] PluginManage:310 - Check plugin memorymap
2024-03-17 17:48:02,729 [INFO] PluginManage:359 - Loaded plugin memorymap (category:base,tabindex:4)
2024-03-17 17:48:02,729 [INFO] PluginManage:310 - Check plugin pinoutandconfiguration
2024-03-17 17:48:02,750 [INFO] PluginManage:359 - Loaded plugin pinoutandconfiguration (category:base,tabindex:1)
2024-03-17 17:48:02,752 [INFO] PluginManage:310 - Check plugin pinoutconfig
2024-03-17 17:48:02,873 [WARN] SupportedApi:132 - Cannot load RTOS API schema: s4s-elt-must-match.1: The content of 'definitions' must match (annotation?, (simpleType | complexType)?, (unique | key | keyref)*)). A problem was found starting at: attribute.
2024-03-17 17:48:03,070 [INFO] PluginManage:359 - Loaded plugin pinoutconfig (category:base,tabindex:0)
2024-03-17 17:48:03,070 [INFO] PluginManage:310 - Check plugin power
2024-03-17 17:48:03,096 [INFO] PluginManage:359 - Loaded plugin power (category:power,tabindex:4)
2024-03-17 17:48:03,097 [INFO] PluginManage:310 - Check plugin projectmanager
2024-03-17 17:48:03,115 [INFO] PluginManage:359 - Loaded plugin projectmanager (category:projectmanager,tabindex:3)
2024-03-17 17:48:03,115 [INFO] PluginManage:310 - Check plugin thirdparty
2024-03-17 17:48:03,471 [INFO] PluginManage:359 - Loaded plugin thirdparty (category:base,tabindex:-1)
2024-03-17 17:48:03,471 [WARN] IntegrityCheckThread:84 - waiting for thirdparty lock release [integrity check]
2024-03-17 17:48:03,471 [INFO] PluginManage:310 - Check plugin tools
2024-03-17 17:48:03,471 [INFO] IntegrityCheckThread:86 - entering critical section [integrity check]
2024-03-17 17:48:03,472 [INFO] ThirdPartyUpdaterWithRetryManager:70 - Updater plugin not ready yet. [1/15]
2024-03-17 17:48:03,518 [INFO] PluginManage:359 - Loaded plugin tools (category:base,tabindex:7)
2024-03-17 17:48:03,519 [INFO] PluginManage:310 - Check plugin tutovideos
2024-03-17 17:48:03,813 [INFO] PluginManage:359 - Loaded plugin tutovideos (category:base,tabindex:-1)
2024-03-17 17:48:03,813 [INFO] PluginManage:310 - Check plugin updater
2024-03-17 17:48:03,826 [INFO] PluginManage:359 - Loaded plugin updater (category:base,tabindex:12)
2024-03-17 17:48:03,827 [INFO] PluginManage:310 - Check plugin userauth
2024-03-17 17:48:03,836 [INFO] UserAuth:113 - Init User Auth plugin
2024-03-17 17:48:03,836 [INFO] PluginManage:359 - Loaded plugin userauth (category:base,tabindex:14)
2024-03-17 17:48:03,837 [INFO] PluginManage:283 - PluginManage : Loaded plugins [17]
2024-03-17 17:48:04,141 [INFO] PinOutPanel:1499 - setPackage(No Configuration,No Configuration)
2024-03-17 17:48:04,365 [INFO] CADModel:165 - CPN selected for project level
2024-03-17 17:48:04,365 [INFO] CADModel:114 - Register for checkConnection events
2024-03-17 17:48:04,401 [INFO] IPUIPlugin:80 - create IPUIPlugin
2024-03-17 17:48:04,401 [INFO] PluginManager:220 - loadIPPluginJar : add adc
2024-03-17 17:48:04,442 [INFO] IPUIPlugin:80 - create IPUIPlugin
2024-03-17 17:48:04,442 [INFO] PluginManager:220 - loadIPPluginJar : add aes
2024-03-17 17:48:04,487 [INFO] IPUIPlugin:80 - create IPUIPlugin
2024-03-17 17:48:04,487 [INFO] PluginManager:220 - loadIPPluginJar : add can
2024-03-17 17:48:04,515 [INFO] IPUIPlugin:80 - create IPUIPlugin
2024-03-17 17:48:04,515 [INFO] PluginManager:220 - loadIPPluginJar : add comp
2024-03-17 17:48:04,555 [INFO] IPUIPlugin:80 - create IPUIPlugin
2024-03-17 17:48:04,555 [INFO] PluginManager:220 - loadIPPluginJar : add cryp
2024-03-17 17:48:04,593 [INFO] IPUIPlugin:80 - create IPUIPlugin
2024-03-17 17:48:04,594 [INFO] PluginManager:220 - loadIPPluginJar : add dfsdm
2024-03-17 17:48:04,616 [INFO] IPUIPlugin:80 - create IPUIPlugin
2024-03-17 17:48:04,617 [INFO] PluginManager:220 - loadIPPluginJar : add dma
2024-03-17 17:48:04,691 [INFO] IPUIPlugin:80 - create IPUIPlugin
2024-03-17 17:48:04,691 [INFO] PluginManager:220 - loadIPPluginJar : add dma3
2024-03-17 17:48:04,729 [INFO] IPUIPlugin:80 - create IPUIPlugin
2024-03-17 17:48:04,729 [INFO] PluginManager:220 - loadIPPluginJar : add fatfs
2024-03-17 17:48:04,795 [INFO] IPUIPlugin:80 - create IPUIPlugin
2024-03-17 17:48:04,795 [INFO] PluginManager:220 - loadIPPluginJar : add fmc
2024-03-17 17:48:04,814 [INFO] IPUIPlugin:80 - create IPUIPlugin
2024-03-17 17:48:04,815 [INFO] PluginManager:220 - loadIPPluginJar : add freertos
2024-03-17 17:48:04,842 [INFO] IPUIPlugin:80 - create IPUIPlugin
2024-03-17 17:48:04,843 [INFO] PluginManager:220 - loadIPPluginJar : add genericplugin
2024-03-17 17:48:04,971 [INFO] IPUIPlugin:80 - create IPUIPlugin
2024-03-17 17:48:04,971 [INFO] PluginManager:220 - loadIPPluginJar : add gfxmmu
2024-03-17 17:48:05,152 [INFO] IPUIPlugin:80 - create IPUIPlugin
2024-03-17 17:48:05,152 [INFO] PluginManager:220 - loadIPPluginJar : add gic
2024-03-17 17:48:05,166 [INFO] IPUIPlugin:80 - create IPUIPlugin
2024-03-17 17:48:05,166 [INFO] PluginManager:220 - loadIPPluginJar : add gpio
2024-03-17 17:48:05,290 [INFO] IPUIPlugin:80 - create IPUIPlugin
2024-03-17 17:48:05,290 [INFO] PluginManager:220 - loadIPPluginJar : add gtzc
2024-03-17 17:48:05,335 [INFO] IPUIPlugin:80 - create IPUIPlugin
2024-03-17 17:48:05,335 [INFO] PluginManager:220 - loadIPPluginJar : add hash
2024-03-17 17:48:05,410 [INFO] IPUIPlugin:80 - create IPUIPlugin
2024-03-17 17:48:05,410 [INFO] PluginManager:220 - loadIPPluginJar : add i2c
2024-03-17 17:48:05,467 [INFO] IPUIPlugin:80 - create IPUIPlugin
2024-03-17 17:48:05,467 [INFO] PluginManager:220 - loadIPPluginJar : add i2s
2024-03-17 17:48:05,517 [INFO] IPUIPlugin:80 - create IPUIPlugin
2024-03-17 17:48:05,517 [INFO] PluginManager:220 - loadIPPluginJar : add i3c
2024-03-17 17:48:05,638 [INFO] IPUIPlugin:80 - create IPUIPlugin
2024-03-17 17:48:05,639 [INFO] PluginManager:220 - loadIPPluginJar : add ipddr
2024-03-17 17:48:05,754 [INFO] IPUIPlugin:80 - create IPUIPlugin
2024-03-17 17:48:05,754 [INFO] PluginManager:220 - loadIPPluginJar : add linkedlist
2024-03-17 17:48:05,803 [INFO] IPUIPlugin:80 - create IPUIPlugin
2024-03-17 17:48:05,804 [INFO] PluginManager:220 - loadIPPluginJar : add lorawan
2024-03-17 17:48:05,850 [INFO] IPUIPlugin:80 - create IPUIPlugin
2024-03-17 17:48:05,850 [INFO] PluginManager:220 - loadIPPluginJar : add ltdc
2024-03-17 17:48:05,868 [INFO] IPUIPlugin:80 - create IPUIPlugin
2024-03-17 17:48:05,868 [INFO] PluginManager:220 - loadIPPluginJar : add mdma
2024-03-17 17:48:05,882 [INFO] IPUIPlugin:80 - create IPUIPlugin
2024-03-17 17:48:05,882 [INFO] PluginManager:220 - loadIPPluginJar : add nvic
2024-03-17 17:48:05,925 [INFO] IPUIPlugin:80 - create IPUIPlugin
2024-03-17 17:48:05,925 [INFO] PluginManager:220 - loadIPPluginJar : add opamp
2024-03-17 17:48:05,986 [INFO] IPUIPlugin:80 - create IPUIPlugin
2024-03-17 17:48:05,986 [INFO] PluginManager:220 - loadIPPluginJar : add openamp
2024-03-17 17:48:06,031 [INFO] IPUIPlugin:80 - create IPUIPlugin
2024-03-17 17:48:06,032 [INFO] PluginManager:220 - loadIPPluginJar : add pdm2pcm
2024-03-17 17:48:06,048 [INFO] IPUIPlugin:80 - create IPUIPlugin
2024-03-17 17:48:06,050 [INFO] PluginManager:220 - loadIPPluginJar : add plateformsettings
2024-03-17 17:48:06,072 [INFO] IPUIPlugin:80 - create IPUIPlugin
2024-03-17 17:48:06,072 [INFO] PluginManager:220 - loadIPPluginJar : add quadspi
2024-03-17 17:48:06,086 [INFO] IPUIPlugin:80 - create IPUIPlugin
2024-03-17 17:48:06,086 [INFO] PluginManager:220 - loadIPPluginJar : add resmgrutility
2024-03-17 17:48:06,141 [INFO] IPUIPlugin:80 - create IPUIPlugin
2024-03-17 17:48:06,141 [INFO] PluginManager:220 - loadIPPluginJar : add sai
2024-03-17 17:48:06,184 [INFO] IPUIPlugin:80 - create IPUIPlugin
2024-03-17 17:48:06,184 [INFO] PluginManager:220 - loadIPPluginJar : add spi
2024-03-17 17:48:06,248 [INFO] IPUIPlugin:80 - create IPUIPlugin
2024-03-17 17:48:06,248 [INFO] PluginManager:220 - loadIPPluginJar : add stm32_wpan
2024-03-17 17:48:06,272 [INFO] IPUIPlugin:80 - create IPUIPlugin
2024-03-17 17:48:06,272 [INFO] PluginManager:220 - loadIPPluginJar : add tim
2024-03-17 17:48:06,358 [INFO] IPUIPlugin:80 - create IPUIPlugin
2024-03-17 17:48:06,358 [INFO] PluginManager:220 - loadIPPluginJar : add touchsensing
2024-03-17 17:48:06,389 [INFO] IPUIPlugin:80 - create IPUIPlugin
2024-03-17 17:48:06,391 [INFO] PluginManager:220 - loadIPPluginJar : add tracer_emb
2024-03-17 17:48:06,424 [INFO] IPUIPlugin:80 - create IPUIPlugin
2024-03-17 17:48:06,424 [INFO] PluginManager:220 - loadIPPluginJar : add ts
2024-03-17 17:48:06,462 [INFO] IPUIPlugin:80 - create IPUIPlugin
2024-03-17 17:48:06,462 [INFO] PluginManager:220 - loadIPPluginJar : add tsc
2024-03-17 17:48:06,473 [INFO] ThirdPartyUpdaterWithRetryManager:70 - Updater plugin not ready yet. [2/15]
2024-03-17 17:48:06,495 [INFO] IPUIPlugin:80 - create IPUIPlugin
2024-03-17 17:48:06,495 [INFO] PluginManager:220 - loadIPPluginJar : add ucpd
2024-03-17 17:48:06,555 [INFO] IPUIPlugin:80 - create IPUIPlugin
2024-03-17 17:48:06,555 [INFO] PluginManager:220 - loadIPPluginJar : add usart
2024-03-17 17:48:06,605 [INFO] IPUIPlugin:80 - create IPUIPlugin
2024-03-17 17:48:06,606 [INFO] PluginManager:220 - loadIPPluginJar : add usbx
2024-03-17 17:48:06,738 [INFO] CADModel:165 - CPN selected for project level
2024-03-17 17:48:06,739 [INFO] CADModel:114 - Register for checkConnection events
2024-03-17 17:48:06,739 [FATAL] Updater:308 - Updater called before beeing initialized
2024-03-17 17:48:06,739 [ERROR] CADModel:125 - Updater not yet initialized, retry later 
2024-03-17 17:48:06,930 [INFO] CADModel:165 - CPN selected for project level
2024-03-17 17:48:06,930 [INFO] CADModel:114 - Register for checkConnection events
2024-03-17 17:48:06,930 [FATAL] Updater:308 - Updater called before beeing initialized
2024-03-17 17:48:06,930 [ERROR] CADModel:125 - Updater not yet initialized, retry later 
2024-03-17 17:48:06,935 [FATAL] Updater:308 - Updater called before beeing initialized
2024-03-17 17:48:07,081 [FATAL] Updater:308 - Updater called before beeing initialized
2024-03-17 17:48:07,100 [INFO] DbMcusAds:53 - JSON generation date=Tue Mar 07 03:50:55 EST 2023 (1678179055335)
2024-03-17 17:48:07,100 [FATAL] Updater:308 - Updater called before beeing initialized
2024-03-17 17:48:07,207 [WARN] DetailPanel:346 - Failed to get advertising image, set to default
2024-03-17 17:48:07,347 [FATAL] Updater:308 - Updater called before beeing initialized
2024-03-17 17:48:07,351 [FATAL] Updater:308 - Updater called before beeing initialized
2024-03-17 17:48:07,351 [FATAL] Updater:308 - Updater called before beeing initialized
2024-03-17 17:48:07,351 [WARN] DetailPanel:346 - Failed to get advertising image, set to default
2024-03-17 17:48:07,352 [FATAL] Updater:308 - Updater called before beeing initialized
2024-03-17 17:48:07,432 [ERROR] Updater:1120 - MainUpdater not yet initialized. External WinMGr cannot be set.
2024-03-17 17:48:07,449 [INFO] Updater:1056 - Updater Version found : 6.9.1
2024-03-17 17:48:07,479 [INFO] ApplicationProperties:184 - Using Application install path: D:\ST\STM32CubeIDE_1.13.1\STM32CubeIDE\plugins\com.st.stm32cube.common.mx_6.9.1.202307191849
2024-03-17 17:48:07,708 [INFO] MainUpdater:2868 - connection check result : 10
2024-03-17 17:48:07,709 [INFO] MainUpdater:3562 - Updater definition file requires update
2024-03-17 17:48:07,712 [INFO] MainUpdater:285 - Updater Check For Update Now.
2024-03-17 17:48:07,712 [INFO] MicroXplorer:498 - Change Database Version : DB.6.0.91
2024-03-17 17:48:07,739 [INFO] McuFinderGlobals:63 - Set McuFinder mode to 2 (CubeIDE integrated)
2024-03-17 17:48:07,740 [INFO] UserAuth:179 - activating auth plugin
2024-03-17 17:48:07,743 [INFO] UserAuth:393 - Internet connection configuration mode: 1
2024-03-17 17:48:07,769 [INFO] ServerAccessManage:473 - Download File updaters.zip
2024-03-17 17:48:07,789 [INFO] JxBrowserEngine:151 - Initiate JxBrowser Engine with user profile folder
2024-03-17 17:48:07,874 [INFO] FileExtend:240 - Unzip File : updaters.zip
2024-03-17 17:48:07,875 [INFO] FileExtend:255 - Standard Zip Deflate
2024-03-17 17:48:08,563 [INFO] ServerAccessManage:473 - Download File PacksControlFlags.xml
2024-03-17 17:48:08,702 [INFO] ServerAccessManage:473 - Download File cubemx.pidx
2024-03-17 17:48:09,295 [INFO] ServerAccessManage:473 - Download File STMicroelectronics.FP-SNS-MOTENVWB1.pdsc
2024-03-17 17:48:09,475 [WARN] MainUpdater:1189 - Updater busy. Cannot search thirdparties
2024-03-17 17:48:09,476 [INFO] ThirdPartyUpdaterWithRetryManager:96 - Updater plugin is busy. [1/15]
2024-03-17 17:48:09,977 [INFO] ServerAccessManage:473 - Download File STMicroelectronics.X-CUBE-BLEMGR.pdsc
2024-03-17 17:48:11,033 [INFO] ServerAccessManage:473 - Download File STMicroelectronics.X-CUBE-EEPRMA1.pdsc
2024-03-17 17:48:11,897 [INFO] WebApp:157 - Instantiating new browser for Auth
2024-03-17 17:48:11,994 [ERROR] ServerAccessManage:1089 - Problem, file not found on Server
2024-03-17 17:48:12,477 [WARN] MainUpdater:1189 - Updater busy. Cannot search thirdparties
2024-03-17 17:48:12,477 [INFO] ThirdPartyUpdaterWithRetryManager:96 - Updater plugin is busy. [2/15]
2024-03-17 17:48:12,679 [INFO] WebApp:753 - Register for checkConnection events
2024-03-17 17:48:12,679 [INFO] WebApp:390 - Apply proxy settings
2024-03-17 17:48:12,679 [INFO] WebApp:475 - Chromium requires no authentication
2024-03-17 17:48:12,692 [INFO] WebApp:418 - Direct internet connection detected
2024-03-17 17:48:12,954 [INFO] WebApp:188 - Starting web application
2024-03-17 17:48:12,954 [INFO] WebApp:520 - Web application path used D:\ST\STM32CubeIDE_1.13.1\STM32CubeIDE\plugins\com.st.stm32cube.common.mx_6.9.1.202307191849\db\plugins\mcufinder\reactClient1\index.html
2024-03-17 17:48:13,151 [ERROR] ServerAccessManage:1089 - Problem, file not found on Server
2024-03-17 17:48:15,110 [INFO] ServerAccessManage:473 - Download File STMicroelectronics.X-CUBE-ISPU.pdsc
2024-03-17 17:48:15,479 [WARN] MainUpdater:1189 - Updater busy. Cannot search thirdparties
2024-03-17 17:48:15,479 [INFO] ThirdPartyUpdaterWithRetryManager:96 - Updater plugin is busy. [3/15]
2024-03-17 17:48:16,917 [INFO] ServerAccessManage:473 - Download File STMicroelectronics.X-CUBE-TOF1.pdsc
2024-03-17 17:48:17,642 [ERROR] ServerAccessManage:1089 - Problem, file not found on Server
2024-03-17 17:48:17,787 [INFO] ServerAccessManage:473 - Download File STMicroelectronics.X-CUBE-TOUCHGFX.pdsc
2024-03-17 17:48:18,481 [WARN] MainUpdater:1189 - Updater busy. Cannot search thirdparties
2024-03-17 17:48:18,481 [INFO] ThirdPartyUpdaterWithRetryManager:96 - Updater plugin is busy. [4/15]
2024-03-17 17:48:20,789 [INFO] ServerAccessManage:473 - Download File STMicroelectronics.X-CUBE-AZRTOS-H7.pdsc
2024-03-17 17:48:21,482 [WARN] MainUpdater:1189 - Updater busy. Cannot search thirdparties
2024-03-17 17:48:21,482 [INFO] ThirdPartyUpdaterWithRetryManager:96 - Updater plugin is busy. [5/15]
2024-03-17 17:48:24,484 [WARN] MainUpdater:1189 - Updater busy. Cannot search thirdparties
2024-03-17 17:48:24,484 [INFO] ThirdPartyUpdaterWithRetryManager:96 - Updater plugin is busy. [6/15]
2024-03-17 17:48:24,678 [WARN] PackLoader:240 - Cannot read IP mode file for STMicroelectronics.FP-SNS-MOTENVWB1.1.3.1
2024-03-17 17:48:24,702 [WARN] PackLoader:240 - Cannot read IP mode file for STMicroelectronics.X-CUBE-BLEMGR.3.1.0
2024-03-17 17:48:24,720 [WARN] PackLoader:240 - Cannot read IP mode file for STMicroelectronics.X-CUBE-EEPRMA1.5.1.0
2024-03-17 17:48:24,729 [WARN] PackLoader:240 - Cannot read IP mode file for STMicroelectronics.X-CUBE-ISPU.2.0.0
2024-03-17 17:48:24,745 [WARN] PackLoader:240 - Cannot read IP mode file for STMicroelectronics.X-CUBE-TOF1.3.4.1
2024-03-17 17:48:24,771 [WARN] PackLoader:240 - Cannot read IP mode file for STMicroelectronics.X-CUBE-TOUCHGFX.4.23.0
2024-03-17 17:48:24,803 [WARN] PackLoader:240 - Cannot read IP mode file for STMicroelectronics.X-CUBE-AZRTOS-H7.3.2.0
2024-03-17 17:48:24,804 [INFO] CheckServerUpdateThread:120 - End of CheckServer Thread
2024-03-17 17:48:24,808 [INFO] PopulateThirdPartyThread:66 - Ending populate Thread
2024-03-17 17:48:24,810 [INFO] ThirdParty:1030 - CMSIS Pack Vendor :STMicroelectronics X-CUBE-EEPRMA1 5.1.0
2024-03-17 17:48:24,810 [INFO] ThirdParty:1030 - CMSIS Pack Vendor :STMicroelectronics X-CUBE-BLEMGR 3.1.0
2024-03-17 17:48:24,810 [INFO] ThirdParty:1030 - CMSIS Pack Vendor :STMicroelectronics FP-SNS-MOTENVWB1 1.3.1
2024-03-17 17:48:24,810 [INFO] ThirdParty:1030 - CMSIS Pack Vendor :STMicroelectronics X-CUBE-TOUCHGFX 4.23.0
2024-03-17 17:48:24,810 [INFO] ThirdParty:1030 - CMSIS Pack Vendor :STMicroelectronics X-CUBE-TOF1 3.4.1
2024-03-17 17:48:24,810 [INFO] ThirdParty:1030 - CMSIS Pack Vendor :STMicroelectronics X-CUBE-AZRTOS-H7 3.2.0
2024-03-17 17:48:24,810 [INFO] ThirdParty:1030 - CMSIS Pack Vendor :STMicroelectronics X-CUBE-ISPU 2.0.0
2024-03-17 17:48:24,811 [INFO] LoadServerUpdatesThread:373 - End of LoadServerUpdate Thread
2024-03-17 17:48:27,765 [WARN] PackLoader:240 - Cannot read IP mode file for wolfSSL.I-CUBE-wolfSSL.5.2.0
2024-03-17 17:48:27,780 [WARN] PackLoader:240 - Cannot read IP mode file for STMicroelectronics.X-CUBE-SMBUS.2.1.0
2024-03-17 17:48:27,785 [WARN] PackLoader:240 - Cannot read IP mode file for STMicroelectronics.X-CUBE-TOUCHGFX.4.23.0
2024-03-17 17:48:27,844 [WARN] PackLoader:240 - Cannot read IP mode file for STMicroelectronics.X-CUBE-MEMS1.9.2.0
2024-03-17 17:48:28,030 [WARN] PackLoader:240 - Cannot read IP mode file for STMicroelectronics.X-CUBE-AZRTOS-F7.1.1.0
2024-03-17 17:48:28,050 [WARN] PackLoader:240 - Cannot read IP mode file for STMicroelectronics.X-CUBE-AI.7.1.0
2024-03-17 17:48:28,066 [WARN] PackLoader:240 - Cannot read IP mode file for STMicroelectronics.X-CUBE-TOUCHGFX.4.19.1
2024-03-17 17:48:28,082 [ERROR] RealEvaluatedCondition:428 - Found unsupported composite condition: GROUP='STM32_MetaDataManager' CLASS='Data Exchange'
2024-03-17 17:48:28,082 [ERROR] RealEvaluatedCondition:428 - Found unsupported composite condition: GROUP='STM32_MetaDataManager' CLASS='Data Exchange'
2024-03-17 17:48:28,084 [WARN] PackLoader:240 - Cannot read IP mode file for STMicroelectronics.FP-SNS-MOTENV1.4.3.0
2024-03-17 17:48:28,101 [WARN] PackLoader:240 - Cannot read IP mode file for STMicroelectronics.FP-SNS-MOTENV1.4.3.2
2024-03-17 17:48:28,119 [WARN] PackLoader:240 - Cannot read IP mode file for STMicroelectronics.FP-SNS-FLIGHT1.5.0.0
2024-03-17 17:48:28,138 [WARN] PackLoader:240 - Cannot read IP mode file for STMicroelectronics.X-CUBE-BLE1.6.2.3
2024-03-17 17:48:28,152 [WARN] PackLoader:240 - Cannot read IP mode file for STMicroelectronics.X-CUBE-BLE1.6.2.4
2024-03-17 17:48:28,169 [WARN] PackLoader:240 - Cannot read IP mode file for STMicroelectronics.X-CUBE-BLE1.6.2.2
2024-03-17 17:48:28,176 [WARN] PackLoader:240 - Cannot read IP mode file for STMicroelectronics.FP-SNS-FLIGHT1.5.0.2
2024-03-17 17:48:28,195 [WARN] PackLoader:240 - Cannot read IP mode file for STMicroelectronics.X-CUBE-BLE2.3.2.2
2024-03-17 17:48:28,222 [WARN] PackLoader:240 - Cannot read IP mode file for STMicroelectronics.X-CUBE-TOF1.3.1.0
2024-03-17 17:48:28,251 [WARN] PackLoader:240 - Cannot read IP mode file for STMicroelectronics.X-CUBE-DISPLAY.3.0.0
2024-03-17 17:48:28,273 [WARN] PackLoader:240 - Cannot read IP mode file for STMicroelectronics.X-CUBE-BLE1.7.0.0
2024-03-17 17:48:28,290 [WARN] PackLoader:240 - Cannot read IP mode file for STMicroelectronics.X-CUBE-TOUCHGFX.4.22.0
2024-03-17 17:48:28,313 [WARN] PackLoader:240 - Cannot read IP mode file for STMicroelectronics.X-CUBE-TOUCHGFX.4.22.1
2024-03-17 17:48:28,341 [WARN] PackLoader:240 - Cannot read IP mode file for STMicroelectronics.X-CUBE-SUBG2.4.2.0
2024-03-17 17:48:28,415 [WARN] PackLoader:240 - Cannot read IP mode file for STMicroelectronics.X-CUBE-MEMS1.9.3.0
2024-03-17 17:48:28,562 [WARN] PackLoader:240 - Cannot read IP mode file for STMicroelectronics.X-CUBE-AI.7.2.0
2024-03-17 17:48:28,572 [WARN] PackLoader:240 - Cannot read IP mode file for STMicroelectronics.X-CUBE-BLEMGR.3.1.0
2024-03-17 17:48:28,595 [WARN] PackLoader:240 - Cannot read IP mode file for STMicroelectronics.FP-SNS-SMARTAG2.1.2.0
2024-03-17 17:48:28,619 [INFO] LogOutputStream:77 - [STDOUT_REDIRECT] 1 : Invalid condition id : UX_CORESTACK_Condition cause : null
2024-03-17 17:48:28,620 [INFO] LogOutputStream:77 - [STDOUT_REDIRECT] 1 : Invalid condition id : UX_CORESTACK_Condition cause : null
2024-03-17 17:48:28,621 [INFO] LogOutputStream:77 - [STDOUT_REDIRECT] 1 : Invalid condition id : UX_CORESTACK_Condition cause : null
2024-03-17 17:48:28,623 [INFO] LogOutputStream:77 - [STDOUT_REDIRECT] 1 : Invalid condition id : UX_CORESTACK_Condition cause : null
2024-03-17 17:48:28,625 [INFO] LogOutputStream:77 - [STDOUT_REDIRECT] 1 : Invalid condition id : UX_CORESTACK_Condition cause : null
2024-03-17 17:48:28,628 [WARN] PackLoader:240 - Cannot read IP mode file for STMicroelectronics.X-CUBE-AZRTOS-WL.2.0.0
2024-03-17 17:48:28,651 [WARN] PackLoader:240 - Cannot read IP mode file for WES.I-CUBE-Cesium.1.3.0
2024-03-17 17:48:28,667 [WARN] PackLoader:240 - Cannot read IP mode file for STMicroelectronics.X-CUBE-BLE2.3.3.0
2024-03-17 17:48:28,687 [WARN] PackLoader:240 - Cannot read IP mode file for STMicroelectronics.X-CUBE-DISPLAY.2.2.0
2024-03-17 17:48:28,718 [WARN] PackLoader:240 - Cannot read IP mode file for STMicroelectronics.X-CUBE-TOF1.3.2.0
2024-03-17 17:48:28,742 [WARN] PackLoader:240 - Cannot read IP mode file for STMicroelectronics.X-CUBE-TOUCHGFX.4.18.1
2024-03-17 17:48:28,762 [WARN] PackLoader:240 - Cannot read IP mode file for STMicroelectronics.X-CUBE-ISPU.1.0.0
2024-03-17 17:48:28,814 [WARN] PackLoader:240 - Cannot read IP mode file for STMicroelectronics.X-CUBE-AZRTOS-H7.2.1.0
2024-03-17 17:48:28,834 [WARN] PackLoader:240 - Cannot read IP mode file for STMicroelectronics.X-CUBE-TOUCHGFX.4.21.1
2024-03-17 17:48:28,851 [WARN] PackLoader:240 - Cannot read IP mode file for STMicroelectronics.X-CUBE-TOUCHGFX.4.21.0
2024-03-17 17:48:28,876 [WARN] PackLoader:240 - Cannot read IP mode file for STMicroelectronics.X-CUBE-TOUCHGFX.4.21.3
2024-03-17 17:48:28,945 [WARN] PackLoader:240 - Cannot read IP mode file for STMicroelectronics.X-CUBE-MEMS1.9.4.0
2024-03-17 17:48:29,076 [WARN] PackLoader:240 - Cannot read IP mode file for STMicroelectronics.X-CUBE-AI.7.3.0
2024-03-17 17:48:29,096 [WARN] PackLoader:240 - Cannot read IP mode file for STMicroelectronics.X-CUBE-ALGOBUILD.1.3.0
2024-03-17 17:48:29,138 [WARN] PackLoader:240 - Cannot read IP mode file for STMicroelectronics.X-CUBE-AZRTOS-G0.1.1.0
2024-03-17 17:48:29,160 [WARN] PackLoader:240 - Cannot read IP mode file for STMicroelectronics.X-CUBE-NFC4.3.0.0
2024-03-17 17:48:29,229 [WARN] PackLoader:240 - Cannot read IP mode file for SEGGER.I-CUBE-embOS.1.2.0
2024-03-17 17:48:29,289 [WARN] PackLoader:240 - Cannot read IP mode file for STMicroelectronics.X-CUBE-BLEMGR.3.0.0
2024-03-17 17:48:29,314 [WARN] PackLoader:240 - Cannot read IP mode file for STMicroelectronics.X-CUBE-BLEMGR.1.3.0
2024-03-17 17:48:29,350 [WARN] PackLoader:240 - Cannot read IP mode file for STMicroelectronics.X-CUBE-AZRTOS-H7.2.0.0
2024-03-17 17:48:29,361 [WARN] PackLoader:240 - Cannot read IP mode file for STMicroelectronics.FP-ATR-SIGFOX1.3.2.0
2024-03-17 17:48:29,367 [WARN] PackLoader:240 - Cannot read IP mode file for STMicroelectronics.X-CUBE-EEPRMA1.5.1.0
2024-03-17 17:48:29,392 [WARN] PackLoader:240 - Cannot read IP mode file for emotas.I-CUBE-CANOPEN.1.1.2
2024-03-17 17:48:29,410 [WARN] PackLoader:240 - Cannot read IP mode file for STMicroelectronics.X-CUBE-TOUCHGFX.4.20.0
2024-03-17 17:48:29,466 [WARN] PackLoader:240 - Cannot read IP mode file for STMicroelectronics.X-CUBE-MEMS1.9.5.0
2024-03-17 17:48:29,619 [WARN] PackLoader:240 - Cannot read IP mode file for SEGGER.I-CUBE-embOS.1.3.1
2024-03-17 17:48:29,667 [WARN] PackLoader:240 - Cannot read IP mode file for STMicroelectronics.X-CUBE-DISPLAY.2.0.1
2024-03-17 17:48:29,686 [WARN] PackLoader:240 - Cannot read IP mode file for STMicroelectronics.X-CUBE-TOF1.3.0.0
2024-03-17 17:48:29,703 [WARN] PackLoader:240 - Cannot read IP mode file for STMicroelectronics.X-CUBE-GNSS1.6.0.0
2024-03-17 17:48:29,736 [WARN] PackLoader:240 - Cannot read IP mode file for STMicroelectronics.X-CUBE-AZRTOS-F4.1.1.0
2024-03-17 17:48:29,758 [WARN] PackLoader:240 - Cannot read IP mode file for STMicroelectronics.X-CUBE-BLEMGR.1.2.0
2024-03-17 17:48:29,796 [WARN] PackLoader:240 - Cannot read IP mode file for STMicroelectronics.X-CUBE-AZRTOS-L5.2.0.0
2024-03-17 17:48:29,843 [WARN] PackLoader:240 - Cannot read IP mode file for STMicroelectronics.X-CUBE-MEMS1.9.6.0
2024-03-17 17:48:29,996 [WARN] PackLoader:240 - Cannot read IP mode file for STMicroelectronics.X-CUBE-EEPRMA1.4.2.0
2024-03-17 17:48:30,015 [WARN] PackLoader:240 - Cannot read IP mode file for ITTIA_DB.I-CUBE-ITTIADB.8.8.0
2024-03-17 17:48:30,033 [WARN] PackLoader:240 - Cannot read IP mode file for STMicroelectronics.X-CUBE-BLEMGR.2.0.0
2024-03-17 17:48:30,052 [WARN] PackLoader:240 - Cannot read IP mode file for STMicroelectronics.X-CUBE-NFC4.2.0.5
2024-03-17 17:48:30,069 [WARN] PackLoader:240 - Cannot read IP mode file for STMicroelectronics.X-CUBE-NFC4.2.0.4
2024-03-17 17:48:30,085 [WARN] PackLoader:240 - Cannot read IP mode file for STMicroelectronics.X-CUBE-NFC4.2.0.3
2024-03-17 17:48:30,125 [WARN] ConditionMgr:438 - getConditionDescription Invalid condition id : UX DEVICE CLASS RTOS Condition cause : null
2024-03-17 17:48:30,125 [WARN] ConditionMgr:438 - getConditionDescription Invalid condition id : UX DEVICE CLASS RTOS Condition cause : null
2024-03-17 17:48:30,128 [WARN] PackLoader:240 - Cannot read IP mode file for STMicroelectronics.X-CUBE-AZRTOS-H7.3.1.0
2024-03-17 17:48:30,129 [WARN] ConditionMgr:1039 - genDependencies : Invalid condition id : UX DEVICE CLASS RTOS Condition cause : null
2024-03-17 17:48:30,130 [WARN] ConditionMgr:1039 - genDependencies : Invalid condition id : UX DEVICE CLASS RTOS Condition cause : null
2024-03-17 17:48:30,131 [WARN] ConditionMgr:1039 - genDependencies : Invalid condition id : UX DEVICE CLASS RTOS Condition cause : null
2024-03-17 17:48:30,131 [WARN] ConditionMgr:1039 - genDependencies : Invalid condition id : UX DEVICE CLASS RTOS Condition cause : null
2024-03-17 17:48:30,131 [WARN] ConditionMgr:1039 - genDependencies : Invalid condition id : UX DEVICE CLASS RTOS Condition cause : null
2024-03-17 17:48:30,160 [WARN] PackLoader:240 - Cannot read IP mode file for STMicroelectronics.X-CUBE-SFXS2LP1.3.1.0
2024-03-17 17:48:30,194 [WARN] PackLoader:240 - Cannot read IP mode file for STMicroelectronics.X-CUBE-AZRTOS-F4.1.0.0
2024-03-17 17:48:30,215 [WARN] PackLoader:240 - Cannot read IP mode file for STMicroelectronics.X-CUBE-NFC7.1.0.1
2024-03-17 17:48:30,232 [WARN] PackLoader:240 - Cannot read IP mode file for STMicroelectronics.X-CUBE-NFC7.1.0.0
2024-03-17 17:48:30,252 [WARN] PackLoader:240 - Cannot read IP mode file for STMicroelectronics.X-CUBE-NFC6.3.0.0
2024-03-17 17:48:30,272 [WARN] PackLoader:240 - Cannot read IP mode file for STMicroelectronics.X-CUBE-EEPRMA1.4.1.0
2024-03-17 17:48:30,286 [WARN] PackLoader:240 - Cannot read IP mode file for STMicroelectronics.X-CUBE-AI.8.1.0
2024-03-17 17:48:30,312 [WARN] PackLoader:240 - Cannot read IP mode file for STMicroelectronics.X-CUBE-AZRTOS-G0.1.0.0
2024-03-17 17:48:30,339 [WARN] ConditionMgr:438 - getConditionDescription Invalid condition id : LAN8742 Phy interface Condition cause : null
2024-03-17 17:48:30,340 [WARN] PackLoader:240 - Cannot read IP mode file for STMicroelectronics.X-CUBE-AZRTOS-L4.2.0.0
2024-03-17 17:48:30,341 [WARN] ConditionMgr:1039 - genDependencies : Invalid condition id : LAN8742 Phy interface Condition cause : null
2024-03-17 17:48:30,341 [WARN] ConditionMgr:1039 - genDependencies : Invalid condition id : LAN8742 Phy interface Condition cause : null
2024-03-17 17:48:30,341 [WARN] ConditionMgr:1039 - genDependencies : Invalid condition id : LAN8742 Phy interface Condition cause : null
2024-03-17 17:48:30,358 [WARN] PackLoader:240 - Cannot read IP mode file for STMicroelectronics.X-CUBE-SFXS2LP1.4.0.0
2024-03-17 17:48:30,384 [WARN] PackLoader:240 - Cannot read IP mode file for STMicroelectronics.X-CUBE-AZRTOS-H7.3.0.0
2024-03-17 17:48:30,399 [WARN] PackLoader:240 - Cannot read IP mode file for STMicroelectronics.X-CUBE-ISPU.1.1.0
2024-03-17 17:48:30,417 [WARN] PackLoader:240 - Cannot read IP mode file for RoweBots.I-CUBE-UNISONRTOS.5.5.0-4
2024-03-17 17:48:30,430 [WARN] PackLoader:240 - Cannot read IP mode file for STMicroelectronics.X-CUBE-AI.8.0.0
2024-03-17 17:48:30,457 [WARN] ConditionMgr:438 - getConditionDescription Invalid condition id : UX DEVICE CLASS RTOS Condition cause : null
2024-03-17 17:48:30,457 [WARN] ConditionMgr:438 - getConditionDescription Invalid condition id : UX DEVICE CLASS RTOS Condition cause : null
2024-03-17 17:48:30,458 [WARN] PackLoader:240 - Cannot read IP mode file for STMicroelectronics.X-CUBE-AZRTOS-WB.2.0.0
2024-03-17 17:48:30,459 [WARN] ConditionMgr:1039 - genDependencies : Invalid condition id : UX DEVICE CLASS RTOS Condition cause : null
2024-03-17 17:48:30,459 [WARN] ConditionMgr:1039 - genDependencies : Invalid condition id : UX DEVICE CLASS RTOS Condition cause : null
2024-03-17 17:48:30,459 [WARN] ConditionMgr:1039 - genDependencies : Invalid condition id : UX DEVICE CLASS RTOS Condition cause : null
2024-03-17 17:48:30,459 [WARN] ConditionMgr:1039 - genDependencies : Invalid condition id : UX DEVICE CLASS RTOS Condition cause : null
2024-03-17 17:48:30,459 [WARN] ConditionMgr:1039 - genDependencies : Invalid condition id : UX DEVICE CLASS RTOS Condition cause : null
2024-03-17 17:48:30,470 [WARN] PackLoader:240 - Cannot read IP mode file for STMicroelectronics.X-CUBE-FREERTOS.1.0.1
2024-03-17 17:48:30,493 [WARN] PackLoader:240 - Cannot read IP mode file for STMicroelectronics.X-CUBE-AZRTOS-L5.1.1.0
2024-03-17 17:48:30,509 [WARN] PackLoader:240 - Cannot read IP mode file for STMicroelectronics.X-CUBE-SUBG2.5.0.0
2024-03-17 17:48:30,530 [WARN] PackLoader:240 - Cannot read IP mode file for STMicroelectronics.X-CUBE-TOF1.3.3.1
2024-03-17 17:48:30,559 [WARN] PackLoader:240 - Cannot read IP mode file for STMicroelectronics.X-CUBE-AZRTOS-G4.2.0.0
2024-03-17 17:48:30,578 [WARN] PackLoader:240 - Cannot read IP mode file for STMicroelectronics.X-CUBE-TOF1.3.3.0
2024-03-17 17:48:30,596 [WARN] PackLoader:240 - Cannot read IP mode file for STMicroelectronics.FP-ATR-ASTRA1.1.1.1
2024-03-17 17:48:30,619 [WARN] PackLoader:240 - Cannot read IP mode file for Infineon.AIROC-Wi-Fi-Bluetooth-STM32.1.5.1
2024-03-17 17:48:30,628 [WARN] PackLoader:240 - Cannot read IP mode file for STMicroelectronics.FP-SNS-MOTENVWB1.1.3.0
2024-03-17 17:48:30,631 [WARN] PackLoader:240 - Cannot read IP mode file for STMicroelectronics.FP-SNS-MOTENVWB1.1.3.1
2024-03-17 17:48:30,655 [WARN] PackLoader:240 - Cannot read IP mode file for STMicroelectronics.X-CUBE-AZRTOS-G4.1.0.0
2024-03-17 17:48:30,681 [WARN] PackLoader:240 - Cannot read IP mode file for STMicroelectronics.X-CUBE-AZRTOS-L4.1.0.0
2024-03-17 17:48:30,686 [WARN] PackLoader:240 - Cannot read IP mode file for STMicroelectronics.X-CUBE-ISPU.2.0.0
2024-03-17 17:48:30,721 [WARN] PackLoader:240 - Cannot read IP mode file for STMicroelectronics.X-CUBE-MEMS1.10.0.0
2024-03-17 17:48:30,819 [WARN] PackLoader:240 - Cannot read IP mode file for STMicroelectronics.X-CUBE-FREERTOS.1.1.0
2024-03-17 17:48:30,841 [WARN] PackLoader:240 - Cannot read IP mode file for STMicroelectronics.X-CUBE-AZRTOS-F7.1.0.0
2024-03-17 17:48:30,862 [WARN] PackLoader:240 - Cannot read IP mode file for STMicroelectronics.X-CUBE-AZRTOS-WL.1.0.0
2024-03-17 17:48:30,902 [WARN] PackLoader:240 - Cannot read IP mode file for STMicroelectronics.X-CUBE-MEMS1.9.1.0
2024-03-17 17:48:30,984 [WARN] PackLoader:240 - Cannot read IP mode file for portGmbH.I-Cube-SoM-uGOAL.1.1.0
2024-03-17 17:48:31,000 [WARN] PackLoader:240 - Cannot read IP mode file for STMicroelectronics.X-CUBE-ALS.1.0.1
2024-03-17 17:48:31,022 [WARN] PackLoader:240 - Cannot read IP mode file for STMicroelectronics.X-CUBE-AZRTOS-WB.1.1.0
2024-03-17 17:48:31,048 [WARN] PackLoader:240 - Cannot read IP mode file for STMicroelectronics.X-CUBE-AZRTOS-L5.1.0.0
2024-03-17 17:48:31,061 [WARN] PackLoader:240 - Cannot read IP mode file for STMicroelectronics.X-CUBE-EEPRMA1.3.1.1
2024-03-17 17:48:31,077 [WARN] PackLoader:240 - Cannot read IP mode file for STMicroelectronics.X-CUBE-GNSS1.5.2.0
2024-03-17 17:48:31,083 [WARN] PackLoader:240 - Cannot read IP mode file for STMicroelectronics.FP-ATR-ASTRA1.2.0.0
2024-03-17 17:48:31,091 [WARN] PackLoader:240 - Cannot read IP mode file for STMicroelectronics.X-CUBE-TOF1.3.4.1
2024-03-17 17:48:31,110 [WARN] PackLoader:240 - Cannot read IP mode file for STMicroelectronics.X-CUBE-AZRTOS-H7.3.2.0
2024-03-17 17:48:31,111 [INFO] ThirdParty:978 - Integrity check success = true
2024-03-17 17:48:31,113 [INFO] IntegrityCheckThread:100 - exiting critical section [integrity check]
2024-03-17 17:48:31,113 [INFO] IntegrityCheckThread:103 - End integrity checks thread
2024-03-17 17:48:34,004 [ERROR] LogOutputStream:75 - [STDERR_REDIRECT] SLF4J: Failed to load class "org.slf4j.impl.StaticLoggerBinder".
2024-03-17 17:48:34,005 [ERROR] LogOutputStream:75 - [STDERR_REDIRECT] SLF4J: Defaulting to no-operation (NOP) logger implementation
2024-03-17 17:48:34,006 [ERROR] LogOutputStream:75 - [STDERR_REDIRECT] SLF4J: See http://www.slf4j.org/codes.html#StaticLoggerBinder for further details.
2024-03-17 17:49:52,882 [ERROR] LogOutputStream:75 - [STDERR_REDIRECT] 
